<?xml version="1.0" encoding="UTF-8"?>
<!-- Generated by org.testng.reporters.JUnitReportReporter -->
<testsuite skipped="0" hostname="DESKTOP-7B2H7EG" name="Assignments.Astro_MobileAutomation.TestMobileApi" tests="1" failures="0" timestamp="26 Aug 2019 06:19:28 GMT" time="2.729" errors="0">
  <testcase name="projectCreationByAPI" time="2.729" classname="Assignments.Astro_MobileAutomation.TestMobileApi"/>
</testsuite> <!-- Assignments.Astro_MobileAutomation.TestMobileApi -->
